<?xml version="1.0" encoding="UTF-8"?>
<!-- Generated by org.testng.reporters.JUnitReportReporter -->
<testsuite hostname="LAPTOP-KT7HJRRT" failures="0" tests="1" name="com.automationpractice.tests.AddToCartFromCategoryPageTest" time="32.228" errors="0" timestamp="2020-06-19T14:10:25 AEST" skipped="0">
  <testcase classname="com.automationpractice.tests.AddToCartFromCategoryPageTest" name="validateAddToCartFromCategoryPage" time="32.228"/>
  <system-out/>
</testsuite> <!-- com.automationpractice.tests.AddToCartFromCategoryPageTest -->
