<?xml version="1.0" encoding="UTF-8"?>
<!-- Generated by org.testng.reporters.JUnitReportReporter -->
<testsuite hostname="LAPTOP-KT7HJRRT" failures="0" tests="1" name="com.automationpractice.tests.AddToCartFromProductPageTest" time="24.079" errors="0" timestamp="2020-06-19T14:10:25 AEST" skipped="0">
  <testcase classname="com.automationpractice.tests.AddToCartFromProductPageTest" name="validateAddToCartFromProductPage" time="24.079"/>
  <system-out/>
</testsuite> <!-- com.automationpractice.tests.AddToCartFromProductPageTest -->
